<?xml version="1.0" encoding="UTF-8"?>
<testng-results ignored="0" total="1" passed="1" failed="0" skipped="0">
  <reporter-output>
    <line>
      <![CDATA[facebook]]>
    </line>
  </reporter-output>
  <suite started-at="2024-09-14T19:19:47 IST" name="Default suite" finished-at="2024-09-14T19:21:11 IST" duration-ms="83924">
    <groups>
    </groups>
    <test started-at="2024-09-14T19:19:47 IST" name="Default test" finished-at="2024-09-14T19:21:11 IST" duration-ms="83924">
      <class name="com.FaceBok.com.faceBook">
        <test-method signature="createfacebook()[pri:0, instance:com.FaceBok.com.faceBook@25084a1e]" started-at="2024-09-14T19:19:48 IST" name="createfacebook" finished-at="2024-09-14T19:21:11 IST" duration-ms="83824" status="PASS">
          <reporter-output>
            <line>
              <![CDATA[facebook]]>
            </line>
          </reporter-output>
        </test-method> <!-- createfacebook -->
      </class> <!-- com.FaceBok.com.faceBook -->
    </test> <!-- Default test -->
  </suite> <!-- Default suite -->
</testng-results>
